#
# A fatal error has been detected by the Java Runtime Environment:
#
#  Internal Error (javaClasses.cpp:136), pid=1196, tid=4456
#  fatal error: Invalid layout of preloaded class
#
# JRE version:  (7.0_60-b19) (build )
# Java VM: Java HotSpot(TM) 64-Bit Server VM (24.60-b09 mixed mode windows-amd64 compressed oops)
# Failed to write core dump. Minidumps are not enabled by default on client versions of Windows
#
# If you would like to submit a bug report, please visit:
#   http://bugreport.sun.com/bugreport/crash.jsp
#

---------------  T H R E A D  ---------------

Current thread (0x000000000234d800):  JavaThread "Unknown thread" [_thread_in_vm, id=4456, stack(0x0000000002650000,0x0000000002750000)]

Stack: [0x0000000002650000,0x0000000002750000]
[error occurred during error reporting (printing stack bounds), id 0xc0000005]


---------------  P R O C E S S  ---------------

Java Threads: ( => current thread )

Other Threads:

=>0x000000000234d800 (exited) JavaThread "Unknown thread" [_thread_in_vm, id=4456, stack(0x0000000002650000,0x0000000002750000)]

VM state:not at safepoint (not fully initialized)

VM Mutex/Monitor currently owned by a thread: None

GC Heap History (0 events):
No events

Deoptimization events (0 events):
No events

Internal exceptions (0 events):
No events

Events (10 events):
Event: 0.068 loading class 0x000000000225f570 done
Event: 0.068 loading class 0x000000000225ef90 done
Event: 0.068 loading class 0x000000000225ef70
Event: 0.068 loading class 0x0000000002267100
Event: 0.079 loading class 0x0000000002267100 done
Event: 0.079 loading class 0x0000000002267130
Event: 0.079 loading class 0x0000000002267130 done
Event: 0.079 loading class 0x0000000002267160
Event: 0.079 loading class 0x0000000002267160 done
Event: 0.079 loading class 0x000000000225ef70 done


Dynamic libraries:
0x000000013f9f0000 - 0x000000013fa23000 	C:\Java\jre7\bin\javaw.exe
0x00000000770a0000 - 0x0000000077249000 	C:\Windows\SYSTEM32\ntdll.dll
0x0000000076f80000 - 0x000000007709f000 	C:\Windows\system32\kernel32.dll
0x000007fefd160000 - 0x000007fefd1cc000 	C:\Windows\system32\KERNELBASE.dll
0x000007fefd9a0000 - 0x000007fefda7b000 	C:\Windows\system32\ADVAPI32.dll
0x000007fefe830000 - 0x000007fefe8cf000 	C:\Windows\system32\msvcrt.dll
0x000007fefe8d0000 - 0x000007fefe8ef000 	C:\Windows\SYSTEM32\sechost.dll
0x000007fefee70000 - 0x000007fefef9d000 	C:\Windows\system32\RPCRT4.dll
0x0000000076e80000 - 0x0000000076f7a000 	C:\Windows\system32\USER32.dll
0x000007feff340000 - 0x000007feff3a7000 	C:\Windows\system32\GDI32.dll
0x000007fefd930000 - 0x000007fefd93e000 	C:\Windows\system32\LPK.dll
0x000007fefefa0000 - 0x000007feff069000 	C:\Windows\system32\USP10.dll
0x000007fefb8c0000 - 0x000007fefbab4000 	C:\Windows\WinSxS\amd64_microsoft.windows.common-controls_6595b64144ccf1df_6.0.7601.17514_none_fa396087175ac9ac\COMCTL32.dll
0x000007fefd8b0000 - 0x000007fefd921000 	C:\Windows\system32\SHLWAPI.dll
0x000007fefe940000 - 0x000007fefe96e000 	C:\Windows\system32\IMM32.DLL
0x000007fefe9f0000 - 0x000007fefeaf9000 	C:\Windows\system32\MSCTF.dll
0x000000006f390000 - 0x000000006f462000 	C:\Java\jre7\bin\msvcr100.dll
0x00000000674a0000 - 0x0000000067c72000 	C:\Java\jre7\bin\server\jvm.dll
0x000007fef23e0000 - 0x000007fef23e9000 	C:\Windows\system32\WSOCK32.dll
0x000007fefe8f0000 - 0x000007fefe93d000 	C:\Windows\system32\WS2_32.dll
0x000007fefebe0000 - 0x000007fefebe8000 	C:\Windows\system32\NSI.dll
0x000007fefa640000 - 0x000007fefa67b000 	C:\Windows\system32\WINMM.dll
0x0000000077260000 - 0x0000000077267000 	C:\Windows\system32\PSAPI.DLL
0x0000000072cf0000 - 0x0000000072cff000 	C:\Java\jre7\bin\verify.dll
0x0000000072c70000 - 0x0000000072c98000 	C:\Java\jre7\bin\java.dll
0x00000000717d0000 - 0x00000000717e5000 	C:\Java\jre7\bin\zip.dll

VM Arguments:
jvm_args: -Dfile.encoding=Cp1251 -Xbootclasspath:C:\Android\android-sdk\platforms\android-21\android.jar 
java_command: com.app.habr.MainActivity
Launcher Type: SUN_STANDARD

Environment Variables:
JAVA_HOME=C:\Java\jdk1.7.0_60
PATH=C:\Ruby21-x64\bin;JAVA_HOME/bin;C:\Windows\system32;C:\Windows;C:\Windows\System32\Wbem;C:\Windows\System32\WindowsPowerShell\v1.0\;C:\Program Files\TortoiseSVN\bin;C:\Program Files\nodejs\;C:\Users\Oleg\AppData\Roaming\npm
USERNAME=Oleg
OS=Windows_NT
PROCESSOR_IDENTIFIER=Intel64 Family 6 Model 23 Stepping 10, GenuineIntel



---------------  S Y S T E M  ---------------

OS: Windows 7 , 64 bit Build 7601 Service Pack 1

CPU:total 4 (4 cores per cpu, 1 threads per core) family 6 model 23 stepping 10, cmov, cx8, fxsr, mmx, sse, sse2, sse3, ssse3, sse4.1, tsc

Memory: 4k page, physical 4192760k(1318820k free), swap 8383656k(3806264k free)

vm_info: Java HotSpot(TM) 64-Bit Server VM (24.60-b09) for windows-amd64 JRE (1.7.0_60-b19), built on May  7 2014 12:55:18 by "java_re" with unknown MS VC++:1600

time: Fri Apr 17 22:23:21 2015
elapsed time: 0 seconds

